-------------------------------------------------------------------------------
Test set: com.example.demo.JdrNaheulbeukApplicationTests
-------------------------------------------------------------------------------
Tests run: 1, Failures: 0, Errors: 1, Skipped: 0, Time elapsed: 0.448 s <<< FAILURE! - in com.example.demo.JdrNaheulbeukApplicationTests
initializationError(com.example.demo.JdrNaheulbeukApplicationTests)  Time elapsed: 0.007 s  <<< ERROR!
java.lang.IllegalStateException: Unable to find a @SpringBootConfiguration, you need to use @ContextConfiguration or @SpringBootTest(classes=...) with your test

